2015/06/07 19:11:53	NonCodeNet.clsMain.Main-----開始-----
2015/06/07 19:11:57	NonCodeNet.frmMain.frmMain_Load-----開始-----
2015/06/07 19:11:57	NonCodeNet.frmFirst.frmFirst_Load-----開始-----
2015/06/07 19:12:00	NonCodeNet.frmFirst.frmFirst_FormClosed-----終了-----
2015/06/07 19:12:13	NonCodeNet.frmMain.frmMain_FormClosed-----終了-----
2015/06/07 19:12:13	NonCodeNet.clsMain.Main-----終了-----
2015/06/07 19:24:29	NonCodeNet.clsMain.Main-----開始-----
2015/06/07 19:24:29	NonCodeNet.frmMain.frmMain_Load-----開始-----
2015/06/07 19:24:30	NonCodeNet.frmFirst.frmFirst_Load-----開始-----
2015/06/07 19:24:31	NonCodeNet.frmFirst.frmFirst_FormClosed-----終了-----
2015/06/07 19:24:40	NonCodeNet.frmMain.frmMain_FormClosed-----終了-----
2015/06/07 19:24:40	NonCodeNet.clsMain.Main-----終了-----
2015/06/07 19:40:15	NonCodeNet.clsMain.Main-----開始-----
2015/06/07 19:40:15	NonCodeNet.frmMain.frmMain_Load-----開始-----
2015/06/07 19:40:15	NonCodeNet.frmFirst.frmFirst_Load-----開始-----
2015/06/07 19:40:17	NonCodeNet.frmFirst.frmFirst_FormClosed-----終了-----
2015/06/07 19:40:24	NonCodeNet.frmMain.frmMain_FormClosed-----終了-----
2015/06/07 19:40:24	NonCodeNet.clsMain.Main-----終了-----
2015/06/07 19:46:34	NonCodeNet.clsMain.Main-----開始-----
2015/06/07 19:46:35	NonCodeNet.frmMain.frmMain_Load-----開始-----
2015/06/07 19:46:35	NonCodeNet.frmFirst.frmFirst_Load-----開始-----
2015/06/07 19:46:36	NonCodeNet.frmFirst.frmFirst_FormClosed-----終了-----
2015/06/07 19:46:46	NonCodeNet.frmMain.frmMain_FormClosed-----終了-----
2015/06/07 19:46:46	NonCodeNet.clsMain.Main-----終了-----
2015/06/07 19:49:10	NonCodeNet.clsMain.Main-----開始-----
2015/06/07 19:49:11	NonCodeNet.frmMain.frmMain_Load-----開始-----
2015/06/07 19:49:11	NonCodeNet.frmFirst.frmFirst_Load-----開始-----
2015/06/07 19:49:13	NonCodeNet.frmFirst.frmFirst_FormClosed-----終了-----
2015/06/07 19:49:18	NonCodeNet.frmMain.frmMain_FormClosed-----終了-----
2015/06/07 19:49:18	NonCodeNet.clsMain.Main-----終了-----
